<?xml version="1.0" encoding="UTF-8"?>
<coverage generated="1750449511811" clover="3.2.0">
  <project timestamp="1750449511811" name="All files">
    <metrics statements="168" coveredstatements="61" conditionals="97" coveredconditionals="42" methods="84" coveredmethods="30" elements="349" coveredelements="133" complexity="0" loc="168" ncloc="168" packages="5" files="9" classes="9"/>
    <package name="src">
      <metrics statements="3" coveredstatements="0" conditionals="0" coveredconditionals="0" methods="1" coveredmethods="0"/>
      <file name="App.jsx" path="/Users/arthurhead/IdeaProjects/react-finance-dashboard/src/App.jsx">
        <metrics statements="1" coveredstatements="0" conditionals="0" coveredconditionals="0" methods="1" coveredmethods="0"/>
        <line num="9" count="0" type="stmt"/>
      </file>
      <file name="theme.js" path="/Users/arthurhead/IdeaProjects/react-finance-dashboard/src/theme.js">
        <metrics statements="2" coveredstatements="0" conditionals="0" coveredconditionals="0" methods="0" coveredmethods="0"/>
        <line num="4" count="0" type="stmt"/>
        <line num="76" count="0" type="stmt"/>
      </file>
    </package>
    <package name="src.components.Cards">
      <metrics statements="82" coveredstatements="61" conditionals="65" coveredconditionals="42" methods="35" coveredmethods="30"/>
      <file name="Card.jsx" path="/Users/arthurhead/IdeaProjects/react-finance-dashboard/src/components/Cards/Card.jsx">
        <metrics statements="35" coveredstatements="35" conditionals="24" coveredconditionals="24" methods="20" coveredmethods="20"/>
        <line num="23" count="3" type="stmt"/>
        <line num="24" count="15" type="stmt"/>
        <line num="25" count="15" type="stmt"/>
        <line num="26" count="15" type="stmt"/>
        <line num="27" count="15" type="stmt"/>
        <line num="35" count="15" type="stmt"/>
        <line num="46" count="3" type="stmt"/>
        <line num="50" count="15" type="stmt"/>
        <line num="62" count="3" type="stmt"/>
        <line num="64" count="15" type="stmt"/>
        <line num="85" count="8" type="stmt"/>
        <line num="90" count="8" type="stmt"/>
        <line num="91" count="8" type="cond" truecount="2" falsecount="0"/>
        <line num="95" count="8" type="stmt"/>
        <line num="107" count="3" type="stmt"/>
        <line num="122" count="3" type="stmt"/>
        <line num="125" count="15" type="stmt"/>
        <line num="139" count="3" type="stmt"/>
        <line num="142" count="11" type="stmt"/>
        <line num="157" count="11" type="stmt"/>
        <line num="165" count="11" type="cond" truecount="2" falsecount="0"/>
        <line num="170" count="11" type="stmt"/>
        <line num="185" count="3" type="stmt"/>
        <line num="188" count="11" type="stmt"/>
        <line num="200" count="3" type="stmt"/>
        <line num="202" count="11" type="stmt"/>
        <line num="221" count="3" type="stmt"/>
        <line num="228" count="7" type="cond" truecount="1" falsecount="0"/>
        <line num="231" count="15" type="stmt"/>
        <line num="232" count="15" type="stmt"/>
        <line num="235" count="15" type="cond" truecount="2" falsecount="0"/>
        <line num="236" count="15" type="cond" truecount="2" falsecount="0"/>
        <line num="239" count="15" type="cond" truecount="2" falsecount="0"/>
        <line num="240" count="15" type="cond" truecount="2" falsecount="0"/>
        <line num="242" count="15" type="stmt"/>
      </file>
      <file name="MetricCard.jsx" path="/Users/arthurhead/IdeaProjects/react-finance-dashboard/src/components/Cards/MetricCard.jsx">
        <metrics statements="20" coveredstatements="0" conditionals="21" coveredconditionals="0" methods="5" coveredmethods="0"/>
        <line num="18" count="0" type="stmt"/>
        <line num="20" count="0" type="stmt"/>
        <line num="21" count="0" type="stmt"/>
        <line num="37" count="0" type="stmt"/>
        <line num="39" count="0" type="cond" truecount="0" falsecount="2"/>
        <line num="42" count="0" type="cond" truecount="0" falsecount="2"/>
        <line num="43" count="0" type="stmt"/>
        <line num="46" count="0" type="cond" truecount="0" falsecount="2"/>
        <line num="47" count="0" type="stmt"/>
        <line num="48" count="0" type="cond" truecount="0" falsecount="2"/>
        <line num="49" count="0" type="stmt"/>
        <line num="51" count="0" type="stmt"/>
        <line num="70" count="0" type="cond" truecount="0" falsecount="1"/>
        <line num="72" count="0" type="stmt"/>
        <line num="74" count="0" type="cond" truecount="0" falsecount="2"/>
        <line num="76" count="0" type="cond" truecount="0" falsecount="2"/>
        <line num="78" count="0" type="stmt"/>
        <line num="85" count="0" type="cond" truecount="0" falsecount="2"/>
        <line num="88" count="0" type="cond" truecount="0" falsecount="4"/>
        <line num="90" count="0" type="stmt"/>
      </file>
      <file name="RateCard.jsx" path="/Users/arthurhead/IdeaProjects/react-finance-dashboard/src/components/Cards/RateCard.jsx">
        <metrics statements="17" coveredstatements="16" conditionals="12" coveredconditionals="10" methods="5" coveredmethods="5"/>
        <line num="18" count="1" type="stmt"/>
        <line num="20" count="4" type="stmt"/>
        <line num="21" count="4" type="stmt"/>
        <line num="32" count="1" type="stmt"/>
        <line num="34" count="8" type="cond" truecount="1" falsecount="1"/>
        <line num="37" count="8" type="cond" truecount="1" falsecount="1"/>
        <line num="38" count="0" type="stmt"/>
        <line num="41" count="8" type="stmt"/>
        <line num="59" count="1" type="stmt"/>
        <line num="61" count="4" type="stmt"/>
        <line num="63" count="32" type="stmt"/>
        <line num="65" count="32" type="cond" truecount="2" falsecount="0"/>
        <line num="67" count="32" type="cond" truecount="2" falsecount="0"/>
        <line num="69" count="32" type="stmt"/>
        <line num="76" count="4" type="stmt"/>
        <line num="77" count="4" type="cond" truecount="4" falsecount="0"/>
        <line num="79" count="4" type="stmt"/>
      </file>
      <file name="StockCard.jsx" path="/Users/arthurhead/IdeaProjects/react-finance-dashboard/src/components/Cards/StockCard.jsx">
        <metrics statements="10" coveredstatements="10" conditionals="8" coveredconditionals="8" methods="5" coveredmethods="5"/>
        <line num="21" count="1" type="stmt"/>
        <line num="23" count="3" type="stmt"/>
        <line num="24" count="3" type="stmt"/>
        <line num="38" count="1" type="stmt"/>
        <line num="39" count="3" type="stmt"/>
        <line num="62" count="1" type="stmt"/>
        <line num="64" count="24" type="stmt"/>
        <line num="70" count="3" type="cond" truecount="2" falsecount="0"/>
        <line num="73" count="3" type="cond" truecount="2" falsecount="0"/>
        <line num="75" count="3" type="stmt"/>
      </file>
    </package>
    <package name="src.components.Charts">
      <metrics statements="24" coveredstatements="0" conditionals="26" coveredconditionals="0" methods="16" coveredmethods="0"/>
      <file name="LineChart.jsx" path="/Users/arthurhead/IdeaProjects/react-finance-dashboard/src/components/Charts/LineChart.jsx">
        <metrics statements="24" coveredstatements="0" conditionals="26" coveredconditionals="0" methods="16" coveredmethods="0"/>
        <line num="15" count="0" type="stmt"/>
        <line num="21" count="0" type="stmt"/>
        <line num="22" count="0" type="stmt"/>
        <line num="23" count="0" type="stmt"/>
        <line num="24" count="0" type="stmt"/>
        <line num="25" count="0" type="stmt"/>
        <line num="26" count="0" type="stmt"/>
        <line num="29" count="0" type="stmt"/>
        <line num="31" count="0" type="stmt"/>
        <line num="32" count="0" type="stmt"/>
        <line num="35" count="0" type="stmt"/>
        <line num="38" count="0" type="stmt"/>
        <line num="41" count="0" type="stmt"/>
        <line num="45" count="0" type="stmt"/>
        <line num="46" count="0" type="stmt"/>
        <line num="49" count="0" type="stmt"/>
        <line num="50" count="0" type="stmt"/>
        <line num="54" count="0" type="stmt"/>
        <line num="55" count="0" type="cond" truecount="0" falsecount="5"/>
        <line num="57" count="0" type="stmt"/>
        <line num="61" count="0" type="stmt"/>
        <line num="73" count="0" type="stmt"/>
        <line num="86" count="0" type="stmt"/>
        <line num="137" count="0" type="stmt"/>
      </file>
    </package>
    <package name="src.components.Dashboard">
      <metrics statements="53" coveredstatements="0" conditionals="6" coveredconditionals="0" methods="32" coveredmethods="0"/>
      <file name="Dashboard.jsx" path="/Users/arthurhead/IdeaProjects/react-finance-dashboard/src/components/Dashboard/Dashboard.jsx">
        <metrics statements="53" coveredstatements="0" conditionals="6" coveredconditionals="0" methods="32" coveredmethods="0"/>
        <line num="16" count="0" type="stmt"/>
        <line num="17" count="0" type="stmt"/>
        <line num="22" count="0" type="stmt"/>
        <line num="26" count="0" type="stmt"/>
        <line num="29" count="0" type="stmt"/>
        <line num="30" count="0" type="stmt"/>
        <line num="35" count="0" type="stmt"/>
        <line num="36" count="0" type="stmt"/>
        <line num="40" count="0" type="stmt"/>
        <line num="41" count="0" type="stmt"/>
        <line num="43" count="0" type="stmt"/>
        <line num="44" count="0" type="stmt"/>
        <line num="49" count="0" type="stmt"/>
        <line num="53" count="0" type="stmt"/>
        <line num="56" count="0" type="stmt"/>
        <line num="59" count="0" type="stmt"/>
        <line num="60" count="0" type="stmt"/>
        <line num="61" count="0" type="stmt"/>
        <line num="62" count="0" type="stmt"/>
        <line num="63" count="0" type="stmt"/>
        <line num="66" count="0" type="stmt"/>
        <line num="72" count="0" type="stmt"/>
        <line num="73" count="0" type="stmt"/>
        <line num="75" count="0" type="stmt"/>
        <line num="79" count="0" type="stmt"/>
        <line num="80" count="0" type="stmt"/>
        <line num="88" count="0" type="stmt"/>
        <line num="92" count="0" type="stmt"/>
        <line num="93" count="0" type="stmt"/>
        <line num="96" count="0" type="stmt"/>
        <line num="100" count="0" type="stmt"/>
        <line num="101" count="0" type="cond" truecount="0" falsecount="2"/>
        <line num="105" count="0" type="stmt"/>
        <line num="107" count="0" type="stmt"/>
        <line num="108" count="0" type="stmt"/>
        <line num="111" count="0" type="stmt"/>
        <line num="113" count="0" type="stmt"/>
        <line num="114" count="0" type="stmt"/>
        <line num="115" count="0" type="stmt"/>
        <line num="119" count="0" type="stmt"/>
        <line num="123" count="0" type="cond" truecount="0" falsecount="2"/>
        <line num="124" count="0" type="cond" truecount="0" falsecount="2"/>
        <line num="125" count="0" type="stmt"/>
        <line num="129" count="0" type="stmt"/>
        <line num="130" count="0" type="stmt"/>
        <line num="132" count="0" type="stmt"/>
        <line num="136" count="0" type="stmt"/>
        <line num="137" count="0" type="stmt"/>
        <line num="144" count="0" type="stmt"/>
        <line num="146" count="0" type="stmt"/>
        <line num="153" count="0" type="stmt"/>
        <line num="286" count="0" type="stmt"/>
        <line num="308" count="0" type="stmt"/>
      </file>
    </package>
    <package name="src.data">
      <metrics statements="6" coveredstatements="0" conditionals="0" coveredconditionals="0" methods="0" coveredmethods="0"/>
      <file name="mockData.js" path="/Users/arthurhead/IdeaProjects/react-finance-dashboard/src/data/mockData.js">
        <metrics statements="6" coveredstatements="0" conditionals="0" coveredconditionals="0" methods="0" coveredmethods="0"/>
        <line num="4" count="0" type="stmt"/>
        <line num="36" count="0" type="stmt"/>
        <line num="68" count="0" type="stmt"/>
        <line num="100" count="0" type="stmt"/>
        <line num="132" count="0" type="stmt"/>
        <line num="151" count="0" type="stmt"/>
      </file>
    </package>
  </project>
</coverage>
