{"/Users/arthurhead/IdeaProjects/react-finance-dashboard/src/App.jsx": {"path":"/Users/arthurhead/IdeaProjects/react-finance-dashboard/src/App.jsx","statementMap":{"0":{"start":{"line":9,"column":2},"end":{"line":15,"column":3}}},"fnMap":{"0":{"name":"App","decl":{"start":{"line":8,"column":9},"end":{"line":8,"column":12}},"loc":{"start":{"line":8,"column":15},"end":{"line":16,"column":1}},"line":8}},"branchMap":{},"s":{"0":0},"f":{"0":0},"b":{}}
,"/Users/arthurhead/IdeaProjects/react-finance-dashboard/src/theme.js": {"path":"/Users/arthurhead/IdeaProjects/react-finance-dashboard/src/theme.js","statementMap":{"0":{"start":{"line":4,"column":21},"end":{"line":73,"column":1}},"1":{"start":{"line":76,"column":27},"end":{"line":129,"column":1}}},"fnMap":{},"branchMap":{},"s":{"0":0,"1":0},"f":{},"b":{}}
,"/Users/arthurhead/IdeaProjects/react-finance-dashboard/src/components/Cards/Card.jsx": {"path":"/Users/arthurhead/IdeaProjects/react-finance-dashboard/src/components/Cards/Card.jsx","statementMap":{"0":{"start":{"line":23,"column":22},"end":{"line":37,"column":1}},"1":{"start":{"line":24,"column":31},"end":{"line":24,"column":58}},"2":{"start":{"line":25,"column":28},"end":{"line":25,"column":55}},"3":{"start":{"line":26,"column":25},"end":{"line":26,"column":47}},"4":{"start":{"line":27,"column":22},"end":{"line":27,"column":44}},"5":{"start":{"line":35,"column":27},"end":{"line":35,"column":49}},"6":{"start":{"line":46,"column":19},"end":{"line":51,"column":1}},"7":{"start":{"line":50,"column":28},"end":{"line":50,"column":50}},"8":{"start":{"line":62,"column":18},"end":{"line":66,"column":1}},"9":{"start":{"line":64,"column":20},"end":{"line":64,"column":46}},"10":{"start":{"line":85,"column":17},"end":{"line":97,"column":1}},"11":{"start":{"line":85,"column":44},"end":{"line":87,"column":1}},"12":{"start":{"line":90,"column":28},"end":{"line":90,"column":58}},"13":{"start":{"line":91,"column":31},"end":{"line":91,"column":66}},"14":{"start":{"line":95,"column":20},"end":{"line":95,"column":44}},"15":{"start":{"line":107,"column":20},"end":{"line":109,"column":1}},"16":{"start":{"line":122,"column":18},"end":{"line":126,"column":1}},"17":{"start":{"line":125,"column":28},"end":{"line":125,"column":50}},"18":{"start":{"line":139,"column":19},"end":{"line":143,"column":1}},"19":{"start":{"line":142,"column":25},"end":{"line":142,"column":47}},"20":{"start":{"line":157,"column":24},"end":{"line":171,"column":1}},"21":{"start":{"line":157,"column":51},"end":{"line":160,"column":1}},"22":{"start":{"line":165,"column":20},"end":{"line":169,"column":34}},"23":{"start":{"line":170,"column":27},"end":{"line":170,"column":49}},"24":{"start":{"line":185,"column":19},"end":{"line":189,"column":1}},"25":{"start":{"line":188,"column":27},"end":{"line":188,"column":49}},"26":{"start":{"line":200,"column":20},"end":{"line":203,"column":1}},"27":{"start":{"line":202,"column":20},"end":{"line":202,"column":45}},"28":{"start":{"line":221,"column":13},"end":{"line":267,"column":1}},"29":{"start":{"line":228,"column":23},"end":{"line":228,"column":28}},"30":{"start":{"line":231,"column":21},"end":{"line":231,"column":31}},"31":{"start":{"line":232,"column":21},"end":{"line":232,"column":31}},"32":{"start":{"line":235,"column":19},"end":{"line":235,"column":68}},"33":{"start":{"line":236,"column":25},"end":{"line":236,"column":77}},"34":{"start":{"line":239,"column":20},"end":{"line":239,"column":72}},"35":{"start":{"line":240,"column":26},"end":{"line":240,"column":84}},"36":{"start":{"line":242,"column":2},"end":{"line":266,"column":4}}},"fnMap":{"0":{"name":"(anonymous_0)","decl":{"start":{"line":24,"column":22},"end":{"line":24,"column":23}},"loc":{"start":{"line":24,"column":31},"end":{"line":24,"column":58}},"line":24},"1":{"name":"(anonymous_1)","decl":{"start":{"line":25,"column":19},"end":{"line":25,"column":20}},"loc":{"start":{"line":25,"column":28},"end":{"line":25,"column":55}},"line":25},"2":{"name":"(anonymous_2)","decl":{"start":{"line":26,"column":16},"end":{"line":26,"column":17}},"loc":{"start":{"line":26,"column":25},"end":{"line":26,"column":47}},"line":26},"3":{"name":"(anonymous_3)","decl":{"start":{"line":27,"column":13},"end":{"line":27,"column":14}},"loc":{"start":{"line":27,"column":22},"end":{"line":27,"column":44}},"line":27},"4":{"name":"(anonymous_4)","decl":{"start":{"line":35,"column":18},"end":{"line":35,"column":19}},"loc":{"start":{"line":35,"column":27},"end":{"line":35,"column":49}},"line":35},"5":{"name":"(anonymous_5)","decl":{"start":{"line":50,"column":19},"end":{"line":50,"column":20}},"loc":{"start":{"line":50,"column":28},"end":{"line":50,"column":50}},"line":50},"6":{"name":"(anonymous_6)","decl":{"start":{"line":64,"column":11},"end":{"line":64,"column":12}},"loc":{"start":{"line":64,"column":20},"end":{"line":64,"column":46}},"line":64},"7":{"name":"(anonymous_7)","decl":{"start":{"line":85,"column":34},"end":{"line":85,"column":35}},"loc":{"start":{"line":85,"column":44},"end":{"line":87,"column":1}},"line":85},"8":{"name":"(anonymous_8)","decl":{"start":{"line":90,"column":19},"end":{"line":90,"column":20}},"loc":{"start":{"line":90,"column":28},"end":{"line":90,"column":58}},"line":90},"9":{"name":"(anonymous_9)","decl":{"start":{"line":91,"column":22},"end":{"line":91,"column":23}},"loc":{"start":{"line":91,"column":31},"end":{"line":91,"column":66}},"line":91},"10":{"name":"(anonymous_10)","decl":{"start":{"line":95,"column":11},"end":{"line":95,"column":12}},"loc":{"start":{"line":95,"column":20},"end":{"line":95,"column":44}},"line":95},"11":{"name":"(anonymous_11)","decl":{"start":{"line":125,"column":19},"end":{"line":125,"column":20}},"loc":{"start":{"line":125,"column":28},"end":{"line":125,"column":50}},"line":125},"12":{"name":"(anonymous_12)","decl":{"start":{"line":142,"column":16},"end":{"line":142,"column":17}},"loc":{"start":{"line":142,"column":25},"end":{"line":142,"column":47}},"line":142},"13":{"name":"(anonymous_13)","decl":{"start":{"line":157,"column":41},"end":{"line":157,"column":42}},"loc":{"start":{"line":157,"column":51},"end":{"line":160,"column":1}},"line":157},"14":{"name":"(anonymous_14)","decl":{"start":{"line":165,"column":11},"end":{"line":165,"column":12}},"loc":{"start":{"line":165,"column":20},"end":{"line":169,"column":34}},"line":165},"15":{"name":"(anonymous_15)","decl":{"start":{"line":170,"column":18},"end":{"line":170,"column":19}},"loc":{"start":{"line":170,"column":27},"end":{"line":170,"column":49}},"line":170},"16":{"name":"(anonymous_16)","decl":{"start":{"line":188,"column":18},"end":{"line":188,"column":19}},"loc":{"start":{"line":188,"column":27},"end":{"line":188,"column":49}},"line":188},"17":{"name":"(anonymous_17)","decl":{"start":{"line":202,"column":11},"end":{"line":202,"column":12}},"loc":{"start":{"line":202,"column":20},"end":{"line":202,"column":45}},"line":202},"18":{"name":"(anonymous_18)","decl":{"start":{"line":221,"column":13},"end":{"line":221,"column":14}},"loc":{"start":{"line":230,"column":6},"end":{"line":267,"column":1}},"line":230},"19":{"name":"(anonymous_19)","decl":{"start":{"line":228,"column":14},"end":{"line":228,"column":15}},"loc":{"start":{"line":228,"column":23},"end":{"line":228,"column":28}},"line":228}},"branchMap":{"0":{"loc":{"start":{"line":91,"column":31},"end":{"line":91,"column":66}},"type":"binary-expr","locations":[{"start":{"line":91,"column":31},"end":{"line":91,"column":43}},{"start":{"line":91,"column":47},"end":{"line":91,"column":66}}],"line":91},"1":{"loc":{"start":{"line":165,"column":20},"end":{"line":169,"column":34}},"type":"cond-expr","locations":[{"start":{"line":166,"column":6},"end":{"line":166,"column":25}},{"start":{"line":167,"column":6},"end":{"line":169,"column":34}}],"line":165},"2":{"loc":{"start":{"line":167,"column":6},"end":{"line":169,"column":34}},"type":"cond-expr","locations":[{"start":{"line":168,"column":8},"end":{"line":168,"column":26}},{"start":{"line":169,"column":8},"end":{"line":169,"column":34}}],"line":167},"3":{"loc":{"start":{"line":225,"column":2},"end":{"line":225,"column":36}},"type":"default-arg","locations":[{"start":{"line":225,"column":16},"end":{"line":225,"column":36}}],"line":225},"4":{"loc":{"start":{"line":228,"column":2},"end":{"line":228,"column":28}},"type":"default-arg","locations":[{"start":{"line":228,"column":14},"end":{"line":228,"column":28}}],"line":228},"5":{"loc":{"start":{"line":235,"column":19},"end":{"line":235,"column":68}},"type":"cond-expr","locations":[{"start":{"line":235,"column":47},"end":{"line":235,"column":52}},{"start":{"line":235,"column":55},"end":{"line":235,"column":68}}],"line":235},"6":{"loc":{"start":{"line":236,"column":25},"end":{"line":236,"column":77}},"type":"cond-expr","locations":[{"start":{"line":236,"column":43},"end":{"line":236,"column":55}},{"start":{"line":236,"column":58},"end":{"line":236,"column":77}}],"line":236},"7":{"loc":{"start":{"line":239,"column":20},"end":{"line":239,"column":72}},"type":"cond-expr","locations":[{"start":{"line":239,"column":49},"end":{"line":239,"column":55}},{"start":{"line":239,"column":58},"end":{"line":239,"column":72}}],"line":239},"8":{"loc":{"start":{"line":240,"column":26},"end":{"line":240,"column":84}},"type":"cond-expr","locations":[{"start":{"line":240,"column":45},"end":{"line":240,"column":51}},{"start":{"line":240,"column":54},"end":{"line":240,"column":84}}],"line":240},"9":{"loc":{"start":{"line":246,"column":9},"end":{"line":246,"column":60}},"type":"binary-expr","locations":[{"start":{"line":246,"column":9},"end":{"line":246,"column":13}},{"start":{"line":246,"column":17},"end":{"line":246,"column":60}}],"line":246},"10":{"loc":{"start":{"line":254,"column":7},"end":{"line":264,"column":7}},"type":"binary-expr","locations":[{"start":{"line":254,"column":7},"end":{"line":254,"column":27}},{"start":{"line":255,"column":8},"end":{"line":263,"column":21}}],"line":254},"11":{"loc":{"start":{"line":258,"column":15},"end":{"line":258,"column":79}},"type":"cond-expr","locations":[{"start":{"line":258,"column":28},"end":{"line":258,"column":41}},{"start":{"line":258,"column":44},"end":{"line":258,"column":79}}],"line":258},"12":{"loc":{"start":{"line":258,"column":44},"end":{"line":258,"column":79}},"type":"cond-expr","locations":[{"start":{"line":258,"column":57},"end":{"line":258,"column":72}},{"start":{"line":258,"column":75},"end":{"line":258,"column":79}}],"line":258}},"s":{"0":3,"1":15,"2":15,"3":15,"4":15,"5":15,"6":3,"7":15,"8":3,"9":15,"10":3,"11":8,"12":8,"13":8,"14":8,"15":3,"16":3,"17":15,"18":3,"19":11,"20":3,"21":11,"22":11,"23":11,"24":3,"25":11,"26":3,"27":11,"28":3,"29":7,"30":15,"31":15,"32":15,"33":15,"34":15,"35":15,"36":15},"f":{"0":15,"1":15,"2":15,"3":15,"4":15,"5":15,"6":15,"7":8,"8":8,"9":8,"10":8,"11":15,"12":11,"13":11,"14":11,"15":11,"16":11,"17":11,"18":15,"19":7},"b":{"0":[8,1],"1":[6,5],"2":[4,1],"3":[7],"4":[7],"5":[14,1],"6":[1,14],"7":[10,5],"8":[5,10],"9":[15,8],"10":[15,11],"11":[6,5],"12":[4,1]},"_coverageSchema":"1a1c01bbd47fc00a2c39e90264f33305004495a9","hash":"0e26ebdce18a44fb483c7e8619d1d3189f9994c4"}
,"/Users/arthurhead/IdeaProjects/react-finance-dashboard/src/components/Cards/MetricCard.jsx": {"path":"/Users/arthurhead/IdeaProjects/react-finance-dashboard/src/components/Cards/MetricCard.jsx","statementMap":{"0":{"start":{"line":18,"column":23},"end":{"line":22,"column":1}},"1":{"start":{"line":20,"column":25},"end":{"line":20,"column":47}},"2":{"start":{"line":21,"column":28},"end":{"line":21,"column":50}},"3":{"start":{"line":37,"column":26},"end":{"line":52,"column":1}},"4":{"start":{"line":39,"column":19},"end":{"line":39,"column":68}},"5":{"start":{"line":42,"column":2},"end":{"line":44,"column":3}},"6":{"start":{"line":43,"column":4},"end":{"line":43,"column":19}},"7":{"start":{"line":46,"column":2},"end":{"line":50,"column":3}},"8":{"start":{"line":47,"column":4},"end":{"line":47,"column":55}},"9":{"start":{"line":48,"column":9},"end":{"line":50,"column":3}},"10":{"start":{"line":49,"column":4},"end":{"line":49,"column":52}},"11":{"start":{"line":51,"column":2},"end":{"line":51,"column":35}},"12":{"start":{"line":70,"column":19},"end":{"line":116,"column":1}},"13":{"start":{"line":72,"column":20},"end":{"line":82,"column":4}},"14":{"start":{"line":74,"column":21},"end":{"line":74,"column":91}},"15":{"start":{"line":76,"column":22},"end":{"line":76,"column":52}},"16":{"start":{"line":78,"column":4},"end":{"line":81,"column":6}},"17":{"start":{"line":85,"column":15},"end":{"line":85,"column":84}},"18":{"start":{"line":88,"column":21},"end":{"line":88,"column":72}},"19":{"start":{"line":90,"column":2},"end":{"line":115,"column":4}}},"fnMap":{"0":{"name":"(anonymous_0)","decl":{"start":{"line":20,"column":16},"end":{"line":20,"column":17}},"loc":{"start":{"line":20,"column":25},"end":{"line":20,"column":47}},"line":20},"1":{"name":"(anonymous_1)","decl":{"start":{"line":21,"column":19},"end":{"line":21,"column":20}},"loc":{"start":{"line":21,"column":28},"end":{"line":21,"column":50}},"line":21},"2":{"name":"(anonymous_2)","decl":{"start":{"line":37,"column":26},"end":{"line":37,"column":27}},"loc":{"start":{"line":37,"column":37},"end":{"line":52,"column":1}},"line":37},"3":{"name":"(anonymous_3)","decl":{"start":{"line":70,"column":19},"end":{"line":70,"column":20}},"loc":{"start":{"line":70,"column":70},"end":{"line":116,"column":1}},"line":70},"4":{"name":"(anonymous_4)","decl":{"start":{"line":72,"column":37},"end":{"line":72,"column":38}},"loc":{"start":{"line":72,"column":62},"end":{"line":82,"column":3}},"line":72}},"branchMap":{"0":{"loc":{"start":{"line":39,"column":19},"end":{"line":39,"column":68}},"type":"cond-expr","locations":[{"start":{"line":39,"column":47},"end":{"line":39,"column":52}},{"start":{"line":39,"column":55},"end":{"line":39,"column":68}}],"line":39},"1":{"loc":{"start":{"line":42,"column":2},"end":{"line":44,"column":3}},"type":"if","locations":[{"start":{"line":42,"column":2},"end":{"line":44,"column":3}},{"start":{},"end":{}}],"line":42},"2":{"loc":{"start":{"line":46,"column":2},"end":{"line":50,"column":3}},"type":"if","locations":[{"start":{"line":46,"column":2},"end":{"line":50,"column":3}},{"start":{"line":48,"column":9},"end":{"line":50,"column":3}}],"line":46},"3":{"loc":{"start":{"line":48,"column":9},"end":{"line":50,"column":3}},"type":"if","locations":[{"start":{"line":48,"column":9},"end":{"line":50,"column":3}},{"start":{},"end":{}}],"line":48},"4":{"loc":{"start":{"line":70,"column":42},"end":{"line":70,"column":63}},"type":"default-arg","locations":[{"start":{"line":70,"column":58},"end":{"line":70,"column":63}}],"line":70},"5":{"loc":{"start":{"line":74,"column":21},"end":{"line":74,"column":91}},"type":"cond-expr","locations":[{"start":{"line":74,"column":56},"end":{"line":74,"column":68}},{"start":{"line":74,"column":71},"end":{"line":74,"column":91}}],"line":74},"6":{"loc":{"start":{"line":76,"column":22},"end":{"line":76,"column":52}},"type":"cond-expr","locations":[{"start":{"line":76,"column":40},"end":{"line":76,"column":41}},{"start":{"line":76,"column":44},"end":{"line":76,"column":52}}],"line":76},"7":{"loc":{"start":{"line":79,"column":12},"end":{"line":79,"column":51}},"type":"binary-expr","locations":[{"start":{"line":79,"column":12},"end":{"line":79,"column":29}},{"start":{"line":79,"column":33},"end":{"line":79,"column":51}}],"line":79},"8":{"loc":{"start":{"line":85,"column":15},"end":{"line":85,"column":84}},"type":"cond-expr","locations":[{"start":{"line":85,"column":31},"end":{"line":85,"column":55}},{"start":{"line":85,"column":58},"end":{"line":85,"column":84}}],"line":85},"9":{"loc":{"start":{"line":88,"column":21},"end":{"line":88,"column":72}},"type":"binary-expr","locations":[{"start":{"line":88,"column":21},"end":{"line":88,"column":26}},{"start":{"line":88,"column":31},"end":{"line":88,"column":71}}],"line":88},"10":{"loc":{"start":{"line":88,"column":31},"end":{"line":88,"column":71}},"type":"cond-expr","locations":[{"start":{"line":88,"column":50},"end":{"line":88,"column":59}},{"start":{"line":88,"column":62},"end":{"line":88,"column":71}}],"line":88}},"s":{"0":0,"1":0,"2":0,"3":0,"4":0,"5":0,"6":0,"7":0,"8":0,"9":0,"10":0,"11":0,"12":0,"13":0,"14":0,"15":0,"16":0,"17":0,"18":0,"19":0},"f":{"0":0,"1":0,"2":0,"3":0,"4":0},"b":{"0":[0,0],"1":[0,0],"2":[0,0],"3":[0,0],"4":[0],"5":[0,0],"6":[0,0],"7":[0,0],"8":[0,0],"9":[0,0],"10":[0,0]}}
,"/Users/arthurhead/IdeaProjects/react-finance-dashboard/src/components/Cards/RateCard.jsx": {"path":"/Users/arthurhead/IdeaProjects/react-finance-dashboard/src/components/Cards/RateCard.jsx","statementMap":{"0":{"start":{"line":18,"column":23},"end":{"line":22,"column":1}},"1":{"start":{"line":20,"column":25},"end":{"line":20,"column":47}},"2":{"start":{"line":21,"column":28},"end":{"line":21,"column":50}},"3":{"start":{"line":32,"column":25},"end":{"line":42,"column":1}},"4":{"start":{"line":34,"column":19},"end":{"line":34,"column":68}},"5":{"start":{"line":37,"column":2},"end":{"line":39,"column":3}},"6":{"start":{"line":38,"column":4},"end":{"line":38,"column":19}},"7":{"start":{"line":41,"column":2},"end":{"line":41,"column":35}},"8":{"start":{"line":59,"column":17},"end":{"line":105,"column":1}},"9":{"start":{"line":61,"column":20},"end":{"line":73,"column":4}},"10":{"start":{"line":63,"column":25},"end":{"line":63,"column":44}},"11":{"start":{"line":65,"column":21},"end":{"line":65,"column":91}},"12":{"start":{"line":67,"column":22},"end":{"line":67,"column":52}},"13":{"start":{"line":69,"column":4},"end":{"line":72,"column":6}},"14":{"start":{"line":76,"column":21},"end":{"line":76,"column":36}},"15":{"start":{"line":77,"column":21},"end":{"line":77,"column":66}},"16":{"start":{"line":79,"column":2},"end":{"line":104,"column":4}}},"fnMap":{"0":{"name":"(anonymous_0)","decl":{"start":{"line":20,"column":16},"end":{"line":20,"column":17}},"loc":{"start":{"line":20,"column":25},"end":{"line":20,"column":47}},"line":20},"1":{"name":"(anonymous_1)","decl":{"start":{"line":21,"column":19},"end":{"line":21,"column":20}},"loc":{"start":{"line":21,"column":28},"end":{"line":21,"column":50}},"line":21},"2":{"name":"(anonymous_2)","decl":{"start":{"line":32,"column":25},"end":{"line":32,"column":26}},"loc":{"start":{"line":32,"column":36},"end":{"line":42,"column":1}},"line":32},"3":{"name":"(anonymous_3)","decl":{"start":{"line":59,"column":17},"end":{"line":59,"column":18}},"loc":{"start":{"line":59,"column":45},"end":{"line":105,"column":1}},"line":59},"4":{"name":"(anonymous_4)","decl":{"start":{"line":61,"column":35},"end":{"line":61,"column":36}},"loc":{"start":{"line":61,"column":53},"end":{"line":73,"column":3}},"line":61}},"branchMap":{"0":{"loc":{"start":{"line":34,"column":19},"end":{"line":34,"column":68}},"type":"cond-expr","locations":[{"start":{"line":34,"column":47},"end":{"line":34,"column":52}},{"start":{"line":34,"column":55},"end":{"line":34,"column":68}}],"line":34},"1":{"loc":{"start":{"line":37,"column":2},"end":{"line":39,"column":3}},"type":"if","locations":[{"start":{"line":37,"column":2},"end":{"line":39,"column":3}},{"start":{},"end":{}}],"line":37},"2":{"loc":{"start":{"line":65,"column":21},"end":{"line":65,"column":91}},"type":"cond-expr","locations":[{"start":{"line":65,"column":56},"end":{"line":65,"column":68}},{"start":{"line":65,"column":71},"end":{"line":65,"column":91}}],"line":65},"3":{"loc":{"start":{"line":67,"column":22},"end":{"line":67,"column":52}},"type":"cond-expr","locations":[{"start":{"line":67,"column":40},"end":{"line":67,"column":41}},{"start":{"line":67,"column":44},"end":{"line":67,"column":52}}],"line":67},"4":{"loc":{"start":{"line":77,"column":21},"end":{"line":77,"column":66}},"type":"binary-expr","locations":[{"start":{"line":77,"column":21},"end":{"line":77,"column":26}},{"start":{"line":77,"column":31},"end":{"line":77,"column":65}}],"line":77},"5":{"loc":{"start":{"line":77,"column":31},"end":{"line":77,"column":65}},"type":"cond-expr","locations":[{"start":{"line":77,"column":44},"end":{"line":77,"column":53}},{"start":{"line":77,"column":56},"end":{"line":77,"column":65}}],"line":77}},"s":{"0":1,"1":4,"2":4,"3":1,"4":8,"5":8,"6":0,"7":8,"8":1,"9":4,"10":32,"11":32,"12":32,"13":32,"14":4,"15":4,"16":4},"f":{"0":4,"1":4,"2":8,"3":4,"4":32},"b":{"0":[8,0],"1":[0,8],"2":[30,2],"3":[1,31],"4":[4,3],"5":[1,2]},"_coverageSchema":"1a1c01bbd47fc00a2c39e90264f33305004495a9","hash":"ac0d35cd9212395f84c31fa283f3c5b7f2968f85"}
,"/Users/arthurhead/IdeaProjects/react-finance-dashboard/src/components/Cards/StockCard.jsx": {"path":"/Users/arthurhead/IdeaProjects/react-finance-dashboard/src/components/Cards/StockCard.jsx","statementMap":{"0":{"start":{"line":21,"column":23},"end":{"line":25,"column":1}},"1":{"start":{"line":23,"column":25},"end":{"line":23,"column":47}},"2":{"start":{"line":24,"column":28},"end":{"line":24,"column":50}},"3":{"start":{"line":38,"column":23},"end":{"line":44,"column":1}},"4":{"start":{"line":39,"column":2},"end":{"line":43,"column":19}},"5":{"start":{"line":62,"column":18},"end":{"line":101,"column":1}},"6":{"start":{"line":64,"column":20},"end":{"line":67,"column":5}},"7":{"start":{"line":64,"column":54},"end":{"line":67,"column":3}},"8":{"start":{"line":70,"column":15},"end":{"line":70,"column":91}},"9":{"start":{"line":73,"column":17},"end":{"line":73,"column":57}},"10":{"start":{"line":75,"column":2},"end":{"line":100,"column":4}}},"fnMap":{"0":{"name":"(anonymous_0)","decl":{"start":{"line":23,"column":16},"end":{"line":23,"column":17}},"loc":{"start":{"line":23,"column":25},"end":{"line":23,"column":47}},"line":23},"1":{"name":"(anonymous_1)","decl":{"start":{"line":24,"column":19},"end":{"line":24,"column":20}},"loc":{"start":{"line":24,"column":28},"end":{"line":24,"column":50}},"line":24},"2":{"name":"(anonymous_2)","decl":{"start":{"line":38,"column":23},"end":{"line":38,"column":24}},"loc":{"start":{"line":38,"column":34},"end":{"line":44,"column":1}},"line":38},"3":{"name":"(anonymous_3)","decl":{"start":{"line":62,"column":18},"end":{"line":62,"column":19}},"loc":{"start":{"line":62,"column":46},"end":{"line":101,"column":1}},"line":62},"4":{"name":"(anonymous_4)","decl":{"start":{"line":64,"column":35},"end":{"line":64,"column":36}},"loc":{"start":{"line":64,"column":54},"end":{"line":67,"column":3}},"line":64}},"branchMap":{"0":{"loc":{"start":{"line":70,"column":15},"end":{"line":70,"column":91}},"type":"cond-expr","locations":[{"start":{"line":70,"column":34},"end":{"line":70,"column":60}},{"start":{"line":70,"column":63},"end":{"line":70,"column":91}}],"line":70},"1":{"loc":{"start":{"line":73,"column":17},"end":{"line":73,"column":57}},"type":"cond-expr","locations":[{"start":{"line":73,"column":36},"end":{"line":73,"column":45}},{"start":{"line":73,"column":48},"end":{"line":73,"column":57}}],"line":73},"2":{"loc":{"start":{"line":89,"column":19},"end":{"line":89,"column":70}},"type":"binary-expr","locations":[{"start":{"line":89,"column":19},"end":{"line":89,"column":24}},{"start":{"line":89,"column":29},"end":{"line":89,"column":69}}],"line":89},"3":{"loc":{"start":{"line":89,"column":29},"end":{"line":89,"column":69}},"type":"cond-expr","locations":[{"start":{"line":89,"column":48},"end":{"line":89,"column":57}},{"start":{"line":89,"column":60},"end":{"line":89,"column":69}}],"line":89}},"s":{"0":1,"1":3,"2":3,"3":1,"4":3,"5":1,"6":3,"7":24,"8":3,"9":3,"10":3},"f":{"0":3,"1":3,"2":3,"3":3,"4":24},"b":{"0":[2,1],"1":[2,1],"2":[3,2],"3":[1,1]},"_coverageSchema":"1a1c01bbd47fc00a2c39e90264f33305004495a9","hash":"819c51408c8275f56774f8c80dd4db294554403c"}
,"/Users/arthurhead/IdeaProjects/react-finance-dashboard/src/components/Charts/LineChart.jsx": {"path":"/Users/arthurhead/IdeaProjects/react-finance-dashboard/src/components/Charts/LineChart.jsx","statementMap":{"0":{"start":{"line":15,"column":23},"end":{"line":19,"column":1}},"1":{"start":{"line":21,"column":31},"end":{"line":27,"column":1}},"2":{"start":{"line":22,"column":31},"end":{"line":22,"column":62}},"3":{"start":{"line":23,"column":31},"end":{"line":23,"column":56}},"4":{"start":{"line":24,"column":28},"end":{"line":24,"column":55}},"5":{"start":{"line":25,"column":22},"end":{"line":25,"column":44}},"6":{"start":{"line":25,"column":57},"end":{"line":25,"column":79}},"7":{"start":{"line":26,"column":25},"end":{"line":26,"column":47}},"8":{"start":{"line":29,"column":21},"end":{"line":33,"column":1}},"9":{"start":{"line":31,"column":28},"end":{"line":31,"column":50}},"10":{"start":{"line":32,"column":20},"end":{"line":32,"column":44}},"11":{"start":{"line":35,"column":21},"end":{"line":39,"column":1}},"12":{"start":{"line":38,"column":25},"end":{"line":38,"column":47}},"13":{"start":{"line":41,"column":21},"end":{"line":47,"column":1}},"14":{"start":{"line":45,"column":31},"end":{"line":45,"column":42}},"15":{"start":{"line":46,"column":27},"end":{"line":46,"column":49}},"16":{"start":{"line":49,"column":20},"end":{"line":51,"column":1}},"17":{"start":{"line":50,"column":20},"end":{"line":50,"column":46}},"18":{"start":{"line":54,"column":22},"end":{"line":70,"column":1}},"19":{"start":{"line":55,"column":2},"end":{"line":55,"column":58}},"20":{"start":{"line":55,"column":46},"end":{"line":55,"column":58}},"21":{"start":{"line":57,"column":2},"end":{"line":69,"column":4}},"22":{"start":{"line":61,"column":8},"end":{"line":66,"column":23}},"23":{"start":{"line":73,"column":18},"end":{"line":151,"column":1}},"24":{"start":{"line":86,"column":2},"end":{"line":150,"column":4}},"25":{"start":{"line":137,"column":12},"end":{"line":145,"column":14}}},"fnMap":{"0":{"name":"(anonymous_0)","decl":{"start":{"line":22,"column":22},"end":{"line":22,"column":23}},"loc":{"start":{"line":22,"column":31},"end":{"line":22,"column":62}},"line":22},"1":{"name":"(anonymous_1)","decl":{"start":{"line":23,"column":22},"end":{"line":23,"column":23}},"loc":{"start":{"line":23,"column":31},"end":{"line":23,"column":56}},"line":23},"2":{"name":"(anonymous_2)","decl":{"start":{"line":24,"column":19},"end":{"line":24,"column":20}},"loc":{"start":{"line":24,"column":28},"end":{"line":24,"column":55}},"line":24},"3":{"name":"(anonymous_3)","decl":{"start":{"line":25,"column":13},"end":{"line":25,"column":14}},"loc":{"start":{"line":25,"column":22},"end":{"line":25,"column":44}},"line":25},"4":{"name":"(anonymous_4)","decl":{"start":{"line":25,"column":48},"end":{"line":25,"column":49}},"loc":{"start":{"line":25,"column":57},"end":{"line":25,"column":79}},"line":25},"5":{"name":"(anonymous_5)","decl":{"start":{"line":26,"column":16},"end":{"line":26,"column":17}},"loc":{"start":{"line":26,"column":25},"end":{"line":26,"column":47}},"line":26},"6":{"name":"(anonymous_6)","decl":{"start":{"line":31,"column":19},"end":{"line":31,"column":20}},"loc":{"start":{"line":31,"column":28},"end":{"line":31,"column":50}},"line":31},"7":{"name":"(anonymous_7)","decl":{"start":{"line":32,"column":11},"end":{"line":32,"column":12}},"loc":{"start":{"line":32,"column":20},"end":{"line":32,"column":44}},"line":32},"8":{"name":"(anonymous_8)","decl":{"start":{"line":38,"column":16},"end":{"line":38,"column":17}},"loc":{"start":{"line":38,"column":25},"end":{"line":38,"column":47}},"line":38},"9":{"name":"(anonymous_9)","decl":{"start":{"line":45,"column":22},"end":{"line":45,"column":23}},"loc":{"start":{"line":45,"column":31},"end":{"line":45,"column":42}},"line":45},"10":{"name":"(anonymous_10)","decl":{"start":{"line":46,"column":18},"end":{"line":46,"column":19}},"loc":{"start":{"line":46,"column":27},"end":{"line":46,"column":49}},"line":46},"11":{"name":"(anonymous_11)","decl":{"start":{"line":50,"column":11},"end":{"line":50,"column":12}},"loc":{"start":{"line":50,"column":20},"end":{"line":50,"column":46}},"line":50},"12":{"name":"(anonymous_12)","decl":{"start":{"line":54,"column":22},"end":{"line":54,"column":23}},"loc":{"start":{"line":54,"column":65},"end":{"line":70,"column":1}},"line":54},"13":{"name":"(anonymous_13)","decl":{"start":{"line":60,"column":19},"end":{"line":60,"column":20}},"loc":{"start":{"line":61,"column":8},"end":{"line":66,"column":23}},"line":61},"14":{"name":"(anonymous_14)","decl":{"start":{"line":73,"column":18},"end":{"line":73,"column":19}},"loc":{"start":{"line":85,"column":6},"end":{"line":151,"column":1}},"line":85},"15":{"name":"(anonymous_15)","decl":{"start":{"line":136,"column":24},"end":{"line":136,"column":25}},"loc":{"start":{"line":137,"column":12},"end":{"line":145,"column":14}},"line":137}},"branchMap":{"0":{"loc":{"start":{"line":55,"column":2},"end":{"line":55,"column":58}},"type":"if","locations":[{"start":{"line":55,"column":2},"end":{"line":55,"column":58}},{"start":{},"end":{}}],"line":55},"1":{"loc":{"start":{"line":55,"column":6},"end":{"line":55,"column":44}},"type":"binary-expr","locations":[{"start":{"line":55,"column":6},"end":{"line":55,"column":13}},{"start":{"line":55,"column":17},"end":{"line":55,"column":25}},{"start":{"line":55,"column":29},"end":{"line":55,"column":44}}],"line":55},"2":{"loc":{"start":{"line":64,"column":27},"end":{"line":64,"column":75}},"type":"cond-expr","locations":[{"start":{"line":64,"column":39},"end":{"line":64,"column":61}},{"start":{"line":64,"column":64},"end":{"line":64,"column":75}}],"line":64},"3":{"loc":{"start":{"line":76,"column":2},"end":{"line":76,"column":23}},"type":"default-arg","locations":[{"start":{"line":76,"column":17},"end":{"line":76,"column":23}}],"line":76},"4":{"loc":{"start":{"line":79,"column":2},"end":{"line":79,"column":17}},"type":"default-arg","locations":[{"start":{"line":79,"column":13},"end":{"line":79,"column":17}}],"line":79},"5":{"loc":{"start":{"line":80,"column":2},"end":{"line":80,"column":19}},"type":"default-arg","locations":[{"start":{"line":80,"column":15},"end":{"line":80,"column":19}}],"line":80},"6":{"loc":{"start":{"line":81,"column":2},"end":{"line":81,"column":20}},"type":"default-arg","locations":[{"start":{"line":81,"column":16},"end":{"line":81,"column":20}}],"line":81},"7":{"loc":{"start":{"line":82,"column":2},"end":{"line":82,"column":18}},"type":"default-arg","locations":[{"start":{"line":82,"column":14},"end":{"line":82,"column":18}}],"line":82},"8":{"loc":{"start":{"line":83,"column":2},"end":{"line":83,"column":18}},"type":"default-arg","locations":[{"start":{"line":83,"column":14},"end":{"line":83,"column":18}}],"line":83},"9":{"loc":{"start":{"line":84,"column":2},"end":{"line":84,"column":14}},"type":"default-arg","locations":[{"start":{"line":84,"column":11},"end":{"line":84,"column":14}}],"line":84},"10":{"loc":{"start":{"line":93,"column":11},"end":{"line":99,"column":11}},"type":"binary-expr","locations":[{"start":{"line":93,"column":11},"end":{"line":93,"column":19}},{"start":{"line":94,"column":12},"end":{"line":98,"column":14}}],"line":93},"11":{"loc":{"start":{"line":101,"column":11},"end":{"line":108,"column":11}},"type":"binary-expr","locations":[{"start":{"line":101,"column":11},"end":{"line":101,"column":20}},{"start":{"line":102,"column":12},"end":{"line":107,"column":14}}],"line":101},"12":{"loc":{"start":{"line":110,"column":11},"end":{"line":117,"column":11}},"type":"binary-expr","locations":[{"start":{"line":110,"column":11},"end":{"line":110,"column":20}},{"start":{"line":111,"column":12},"end":{"line":116,"column":14}}],"line":110},"13":{"loc":{"start":{"line":119,"column":11},"end":{"line":124,"column":11}},"type":"binary-expr","locations":[{"start":{"line":119,"column":11},"end":{"line":119,"column":22}},{"start":{"line":120,"column":12},"end":{"line":123,"column":14}}],"line":119},"14":{"loc":{"start":{"line":126,"column":11},"end":{"line":134,"column":11}},"type":"binary-expr","locations":[{"start":{"line":126,"column":11},"end":{"line":126,"column":21}},{"start":{"line":127,"column":12},"end":{"line":133,"column":14}}],"line":126},"15":{"loc":{"start":{"line":141,"column":22},"end":{"line":141,"column":72}},"type":"cond-expr","locations":[{"start":{"line":141,"column":31},"end":{"line":141,"column":60}},{"start":{"line":141,"column":63},"end":{"line":141,"column":72}}],"line":141}},"s":{"0":0,"1":0,"2":0,"3":0,"4":0,"5":0,"6":0,"7":0,"8":0,"9":0,"10":0,"11":0,"12":0,"13":0,"14":0,"15":0,"16":0,"17":0,"18":0,"19":0,"20":0,"21":0,"22":0,"23":0,"24":0,"25":0},"f":{"0":0,"1":0,"2":0,"3":0,"4":0,"5":0,"6":0,"7":0,"8":0,"9":0,"10":0,"11":0,"12":0,"13":0,"14":0,"15":0},"b":{"0":[0,0],"1":[0,0,0],"2":[0,0],"3":[0],"4":[0],"5":[0],"6":[0],"7":[0],"8":[0],"9":[0],"10":[0,0],"11":[0,0],"12":[0,0],"13":[0,0],"14":[0,0],"15":[0,0]}}
,"/Users/arthurhead/IdeaProjects/react-finance-dashboard/src/components/Dashboard/Dashboard.jsx": {"path":"/Users/arthurhead/IdeaProjects/react-finance-dashboard/src/components/Dashboard/Dashboard.jsx","statementMap":{"0":{"start":{"line":16,"column":27},"end":{"line":20,"column":1}},"1":{"start":{"line":17,"column":22},"end":{"line":17,"column":44}},"2":{"start":{"line":22,"column":15},"end":{"line":27,"column":1}},"3":{"start":{"line":26,"column":28},"end":{"line":26,"column":50}},"4":{"start":{"line":29,"column":14},"end":{"line":33,"column":1}},"5":{"start":{"line":30,"column":20},"end":{"line":30,"column":44}},"6":{"start":{"line":35,"column":20},"end":{"line":38,"column":1}},"7":{"start":{"line":36,"column":20},"end":{"line":36,"column":46}},"8":{"start":{"line":40,"column":21},"end":{"line":51,"column":1}},"9":{"start":{"line":41,"column":20},"end":{"line":41,"column":44}},"10":{"start":{"line":43,"column":25},"end":{"line":43,"column":47}},"11":{"start":{"line":44,"column":28},"end":{"line":44,"column":50}},"12":{"start":{"line":49,"column":29},"end":{"line":49,"column":51}},"13":{"start":{"line":53,"column":13},"end":{"line":57,"column":1}},"14":{"start":{"line":56,"column":18},"end":{"line":56,"column":40}},"15":{"start":{"line":59,"column":32},"end":{"line":64,"column":1}},"16":{"start":{"line":60,"column":31},"end":{"line":60,"column":58}},"17":{"start":{"line":61,"column":28},"end":{"line":61,"column":55}},"18":{"start":{"line":62,"column":22},"end":{"line":62,"column":44}},"19":{"start":{"line":63,"column":25},"end":{"line":63,"column":47}},"20":{"start":{"line":66,"column":20},"end":{"line":86,"column":1}},"21":{"start":{"line":72,"column":24},"end":{"line":72,"column":46}},"22":{"start":{"line":73,"column":22},"end":{"line":73,"column":48}},"23":{"start":{"line":75,"column":40},"end":{"line":75,"column":64}},"24":{"start":{"line":79,"column":24},"end":{"line":79,"column":46}},"25":{"start":{"line":80,"column":40},"end":{"line":80,"column":64}},"26":{"start":{"line":88,"column":19},"end":{"line":90,"column":1}},"27":{"start":{"line":92,"column":17},"end":{"line":94,"column":1}},"28":{"start":{"line":93,"column":20},"end":{"line":93,"column":46}},"29":{"start":{"line":96,"column":18},"end":{"line":98,"column":1}},"30":{"start":{"line":100,"column":19},"end":{"line":103,"column":1}},"31":{"start":{"line":101,"column":20},"end":{"line":101,"column":80}},"32":{"start":{"line":105,"column":27},"end":{"line":109,"column":1}},"33":{"start":{"line":107,"column":25},"end":{"line":107,"column":47}},"34":{"start":{"line":108,"column":18},"end":{"line":108,"column":40}},"35":{"start":{"line":111,"column":22},"end":{"line":117,"column":1}},"36":{"start":{"line":113,"column":31},"end":{"line":113,"column":62}},"37":{"start":{"line":114,"column":28},"end":{"line":114,"column":55}},"38":{"start":{"line":115,"column":22},"end":{"line":115,"column":44}},"39":{"start":{"line":119,"column":23},"end":{"line":127,"column":1}},"40":{"start":{"line":123,"column":4},"end":{"line":123,"column":61}},"41":{"start":{"line":123,"column":34},"end":{"line":123,"column":61}},"42":{"start":{"line":124,"column":4},"end":{"line":124,"column":60}},"43":{"start":{"line":124,"column":34},"end":{"line":124,"column":60}},"44":{"start":{"line":125,"column":4},"end":{"line":125,"column":28}},"45":{"start":{"line":129,"column":23},"end":{"line":133,"column":1}},"46":{"start":{"line":130,"column":20},"end":{"line":130,"column":46}},"47":{"start":{"line":132,"column":25},"end":{"line":132,"column":47}},"48":{"start":{"line":136,"column":23},"end":{"line":141,"column":1}},"49":{"start":{"line":137,"column":2},"end":{"line":140,"column":19}},"50":{"start":{"line":144,"column":18},"end":{"line":336,"column":1}},"51":{"start":{"line":146,"column":22},"end":{"line":151,"column":4}},"52":{"start":{"line":153,"column":2},"end":{"line":335,"column":4}},"53":{"start":{"line":286,"column":14},"end":{"line":291,"column":19}},"54":{"start":{"line":308,"column":14},"end":{"line":313,"column":19}}},"fnMap":{"0":{"name":"(anonymous_0)","decl":{"start":{"line":17,"column":13},"end":{"line":17,"column":14}},"loc":{"start":{"line":17,"column":22},"end":{"line":17,"column":44}},"line":17},"1":{"name":"(anonymous_1)","decl":{"start":{"line":26,"column":19},"end":{"line":26,"column":20}},"loc":{"start":{"line":26,"column":28},"end":{"line":26,"column":50}},"line":26},"2":{"name":"(anonymous_2)","decl":{"start":{"line":30,"column":11},"end":{"line":30,"column":12}},"loc":{"start":{"line":30,"column":20},"end":{"line":30,"column":44}},"line":30},"3":{"name":"(anonymous_3)","decl":{"start":{"line":36,"column":11},"end":{"line":36,"column":12}},"loc":{"start":{"line":36,"column":20},"end":{"line":36,"column":46}},"line":36},"4":{"name":"(anonymous_4)","decl":{"start":{"line":41,"column":11},"end":{"line":41,"column":12}},"loc":{"start":{"line":41,"column":20},"end":{"line":41,"column":44}},"line":41},"5":{"name":"(anonymous_5)","decl":{"start":{"line":43,"column":16},"end":{"line":43,"column":17}},"loc":{"start":{"line":43,"column":25},"end":{"line":43,"column":47}},"line":43},"6":{"name":"(anonymous_6)","decl":{"start":{"line":44,"column":19},"end":{"line":44,"column":20}},"loc":{"start":{"line":44,"column":28},"end":{"line":44,"column":50}},"line":44},"7":{"name":"(anonymous_7)","decl":{"start":{"line":49,"column":20},"end":{"line":49,"column":21}},"loc":{"start":{"line":49,"column":29},"end":{"line":49,"column":51}},"line":49},"8":{"name":"(anonymous_8)","decl":{"start":{"line":56,"column":9},"end":{"line":56,"column":10}},"loc":{"start":{"line":56,"column":18},"end":{"line":56,"column":40}},"line":56},"9":{"name":"(anonymous_9)","decl":{"start":{"line":60,"column":22},"end":{"line":60,"column":23}},"loc":{"start":{"line":60,"column":31},"end":{"line":60,"column":58}},"line":60},"10":{"name":"(anonymous_10)","decl":{"start":{"line":61,"column":19},"end":{"line":61,"column":20}},"loc":{"start":{"line":61,"column":28},"end":{"line":61,"column":55}},"line":61},"11":{"name":"(anonymous_11)","decl":{"start":{"line":62,"column":13},"end":{"line":62,"column":14}},"loc":{"start":{"line":62,"column":22},"end":{"line":62,"column":44}},"line":62},"12":{"name":"(anonymous_12)","decl":{"start":{"line":63,"column":16},"end":{"line":63,"column":17}},"loc":{"start":{"line":63,"column":25},"end":{"line":63,"column":47}},"line":63},"13":{"name":"(anonymous_13)","decl":{"start":{"line":72,"column":15},"end":{"line":72,"column":16}},"loc":{"start":{"line":72,"column":24},"end":{"line":72,"column":46}},"line":72},"14":{"name":"(anonymous_14)","decl":{"start":{"line":73,"column":13},"end":{"line":73,"column":14}},"loc":{"start":{"line":73,"column":22},"end":{"line":73,"column":48}},"line":73},"15":{"name":"(anonymous_15)","decl":{"start":{"line":75,"column":31},"end":{"line":75,"column":32}},"loc":{"start":{"line":75,"column":40},"end":{"line":75,"column":64}},"line":75},"16":{"name":"(anonymous_16)","decl":{"start":{"line":79,"column":15},"end":{"line":79,"column":16}},"loc":{"start":{"line":79,"column":24},"end":{"line":79,"column":46}},"line":79},"17":{"name":"(anonymous_17)","decl":{"start":{"line":80,"column":31},"end":{"line":80,"column":32}},"loc":{"start":{"line":80,"column":40},"end":{"line":80,"column":64}},"line":80},"18":{"name":"(anonymous_18)","decl":{"start":{"line":93,"column":11},"end":{"line":93,"column":12}},"loc":{"start":{"line":93,"column":20},"end":{"line":93,"column":46}},"line":93},"19":{"name":"(anonymous_19)","decl":{"start":{"line":101,"column":11},"end":{"line":101,"column":12}},"loc":{"start":{"line":101,"column":20},"end":{"line":101,"column":80}},"line":101},"20":{"name":"(anonymous_20)","decl":{"start":{"line":107,"column":16},"end":{"line":107,"column":17}},"loc":{"start":{"line":107,"column":25},"end":{"line":107,"column":47}},"line":107},"21":{"name":"(anonymous_21)","decl":{"start":{"line":108,"column":9},"end":{"line":108,"column":10}},"loc":{"start":{"line":108,"column":18},"end":{"line":108,"column":40}},"line":108},"22":{"name":"(anonymous_22)","decl":{"start":{"line":113,"column":22},"end":{"line":113,"column":23}},"loc":{"start":{"line":113,"column":31},"end":{"line":113,"column":62}},"line":113},"23":{"name":"(anonymous_23)","decl":{"start":{"line":114,"column":19},"end":{"line":114,"column":20}},"loc":{"start":{"line":114,"column":28},"end":{"line":114,"column":55}},"line":114},"24":{"name":"(anonymous_24)","decl":{"start":{"line":115,"column":13},"end":{"line":115,"column":14}},"loc":{"start":{"line":115,"column":22},"end":{"line":115,"column":44}},"line":115},"25":{"name":"(anonymous_25)","decl":{"start":{"line":122,"column":11},"end":{"line":122,"column":12}},"loc":{"start":{"line":122,"column":20},"end":{"line":126,"column":3}},"line":122},"26":{"name":"(anonymous_26)","decl":{"start":{"line":130,"column":11},"end":{"line":130,"column":12}},"loc":{"start":{"line":130,"column":20},"end":{"line":130,"column":46}},"line":130},"27":{"name":"(anonymous_27)","decl":{"start":{"line":132,"column":16},"end":{"line":132,"column":17}},"loc":{"start":{"line":132,"column":25},"end":{"line":132,"column":47}},"line":132},"28":{"name":"(anonymous_28)","decl":{"start":{"line":136,"column":23},"end":{"line":136,"column":24}},"loc":{"start":{"line":136,"column":34},"end":{"line":141,"column":1}},"line":136},"29":{"name":"(anonymous_29)","decl":{"start":{"line":144,"column":18},"end":{"line":144,"column":19}},"loc":{"start":{"line":144,"column":24},"end":{"line":336,"column":1}},"line":144},"30":{"name":"(anonymous_30)","decl":{"start":{"line":285,"column":43},"end":{"line":285,"column":44}},"loc":{"start":{"line":286,"column":14},"end":{"line":291,"column":19}},"line":286},"31":{"name":"(anonymous_31)","decl":{"start":{"line":307,"column":42},"end":{"line":307,"column":43}},"loc":{"start":{"line":308,"column":14},"end":{"line":313,"column":19}},"line":308}},"branchMap":{"0":{"loc":{"start":{"line":101,"column":20},"end":{"line":101,"column":80}},"type":"cond-expr","locations":[{"start":{"line":101,"column":40},"end":{"line":101,"column":59}},{"start":{"line":101,"column":62},"end":{"line":101,"column":80}}],"line":101},"1":{"loc":{"start":{"line":123,"column":4},"end":{"line":123,"column":61}},"type":"if","locations":[{"start":{"line":123,"column":4},"end":{"line":123,"column":61}},{"start":{},"end":{}}],"line":123},"2":{"loc":{"start":{"line":124,"column":4},"end":{"line":124,"column":60}},"type":"if","locations":[{"start":{"line":124,"column":4},"end":{"line":124,"column":60}},{"start":{},"end":{}}],"line":124}},"s":{"0":0,"1":0,"2":0,"3":0,"4":0,"5":0,"6":0,"7":0,"8":0,"9":0,"10":0,"11":0,"12":0,"13":0,"14":0,"15":0,"16":0,"17":0,"18":0,"19":0,"20":0,"21":0,"22":0,"23":0,"24":0,"25":0,"26":0,"27":0,"28":0,"29":0,"30":0,"31":0,"32":0,"33":0,"34":0,"35":0,"36":0,"37":0,"38":0,"39":0,"40":0,"41":0,"42":0,"43":0,"44":0,"45":0,"46":0,"47":0,"48":0,"49":0,"50":0,"51":0,"52":0,"53":0,"54":0},"f":{"0":0,"1":0,"2":0,"3":0,"4":0,"5":0,"6":0,"7":0,"8":0,"9":0,"10":0,"11":0,"12":0,"13":0,"14":0,"15":0,"16":0,"17":0,"18":0,"19":0,"20":0,"21":0,"22":0,"23":0,"24":0,"25":0,"26":0,"27":0,"28":0,"29":0,"30":0,"31":0},"b":{"0":[0,0],"1":[0,0],"2":[0,0]}}
,"/Users/arthurhead/IdeaProjects/react-finance-dashboard/src/data/mockData.js": {"path":"/Users/arthurhead/IdeaProjects/react-finance-dashboard/src/data/mockData.js","statementMap":{"0":{"start":{"line":4,"column":28},"end":{"line":33,"column":1}},"1":{"start":{"line":36,"column":29},"end":{"line":65,"column":1}},"2":{"start":{"line":68,"column":29},"end":{"line":97,"column":1}},"3":{"start":{"line":100,"column":28},"end":{"line":129,"column":1}},"4":{"start":{"line":132,"column":30},"end":{"line":148,"column":1}},"5":{"start":{"line":151,"column":26},"end":{"line":153,"column":1}}},"fnMap":{},"branchMap":{},"s":{"0":0,"1":0,"2":0,"3":0,"4":0,"5":0},"f":{},"b":{}}
}
