TN:
SF:src/App.jsx
FN:8,App
FNF:1
FNH:0
FNDA:0,App
DA:9,0
LF:1
LH:0
BRF:0
BRH:0
end_of_record
TN:
SF:src/theme.js
FNF:0
FNH:0
DA:4,0
DA:76,0
LF:2
LH:0
BRF:0
BRH:0
end_of_record
TN:
SF:src/components/Cards/Card.jsx
FN:24,(anonymous_0)
FN:25,(anonymous_1)
FN:26,(anonymous_2)
FN:27,(anonymous_3)
FN:35,(anonymous_4)
FN:50,(anonymous_5)
FN:64,(anonymous_6)
FN:85,(anonymous_7)
FN:90,(anonymous_8)
FN:91,(anonymous_9)
FN:95,(anonymous_10)
FN:125,(anonymous_11)
FN:142,(anonymous_12)
FN:157,(anonymous_13)
FN:165,(anonymous_14)
FN:170,(anonymous_15)
FN:188,(anonymous_16)
FN:202,(anonymous_17)
FN:221,(anonymous_18)
FN:228,(anonymous_19)
FNF:20
FNH:20
FNDA:15,(anonymous_0)
FNDA:15,(anonymous_1)
FNDA:15,(anonymous_2)
FNDA:15,(anonymous_3)
FNDA:15,(anonymous_4)
FNDA:15,(anonymous_5)
FNDA:15,(anonymous_6)
FNDA:8,(anonymous_7)
FNDA:8,(anonymous_8)
FNDA:8,(anonymous_9)
FNDA:8,(anonymous_10)
FNDA:15,(anonymous_11)
FNDA:11,(anonymous_12)
FNDA:11,(anonymous_13)
FNDA:11,(anonymous_14)
FNDA:11,(anonymous_15)
FNDA:11,(anonymous_16)
FNDA:11,(anonymous_17)
FNDA:15,(anonymous_18)
FNDA:7,(anonymous_19)
DA:23,3
DA:24,15
DA:25,15
DA:26,15
DA:27,15
DA:35,15
DA:46,3
DA:50,15
DA:62,3
DA:64,15
DA:85,8
DA:90,8
DA:91,8
DA:95,8
DA:107,3
DA:122,3
DA:125,15
DA:139,3
DA:142,11
DA:157,11
DA:165,11
DA:170,11
DA:185,3
DA:188,11
DA:200,3
DA:202,11
DA:221,3
DA:228,7
DA:231,15
DA:232,15
DA:235,15
DA:236,15
DA:239,15
DA:240,15
DA:242,15
LF:35
LH:35
BRDA:91,0,0,8
BRDA:91,0,1,1
BRDA:165,1,0,6
BRDA:165,1,1,5
BRDA:167,2,0,4
BRDA:167,2,1,1
BRDA:225,3,0,7
BRDA:228,4,0,7
BRDA:235,5,0,14
BRDA:235,5,1,1
BRDA:236,6,0,1
BRDA:236,6,1,14
BRDA:239,7,0,10
BRDA:239,7,1,5
BRDA:240,8,0,5
BRDA:240,8,1,10
BRDA:246,9,0,15
BRDA:246,9,1,8
BRDA:254,10,0,15
BRDA:254,10,1,11
BRDA:258,11,0,6
BRDA:258,11,1,5
BRDA:258,12,0,4
BRDA:258,12,1,1
BRF:24
BRH:24
end_of_record
TN:
SF:src/components/Cards/MetricCard.jsx
FN:20,(anonymous_0)
FN:21,(anonymous_1)
FN:37,(anonymous_2)
FN:70,(anonymous_3)
FN:72,(anonymous_4)
FNF:5
FNH:0
FNDA:0,(anonymous_0)
FNDA:0,(anonymous_1)
FNDA:0,(anonymous_2)
FNDA:0,(anonymous_3)
FNDA:0,(anonymous_4)
DA:18,0
DA:20,0
DA:21,0
DA:37,0
DA:39,0
DA:42,0
DA:43,0
DA:46,0
DA:47,0
DA:48,0
DA:49,0
DA:51,0
DA:70,0
DA:72,0
DA:74,0
DA:76,0
DA:78,0
DA:85,0
DA:88,0
DA:90,0
LF:20
LH:0
BRDA:39,0,0,0
BRDA:39,0,1,0
BRDA:42,1,0,0
BRDA:42,1,1,0
BRDA:46,2,0,0
BRDA:46,2,1,0
BRDA:48,3,0,0
BRDA:48,3,1,0
BRDA:70,4,0,0
BRDA:74,5,0,0
BRDA:74,5,1,0
BRDA:76,6,0,0
BRDA:76,6,1,0
BRDA:79,7,0,0
BRDA:79,7,1,0
BRDA:85,8,0,0
BRDA:85,8,1,0
BRDA:88,9,0,0
BRDA:88,9,1,0
BRDA:88,10,0,0
BRDA:88,10,1,0
BRF:21
BRH:0
end_of_record
TN:
SF:src/components/Cards/RateCard.jsx
FN:20,(anonymous_0)
FN:21,(anonymous_1)
FN:32,(anonymous_2)
FN:59,(anonymous_3)
FN:61,(anonymous_4)
FNF:5
FNH:5
FNDA:4,(anonymous_0)
FNDA:4,(anonymous_1)
FNDA:8,(anonymous_2)
FNDA:4,(anonymous_3)
FNDA:32,(anonymous_4)
DA:18,1
DA:20,4
DA:21,4
DA:32,1
DA:34,8
DA:37,8
DA:38,0
DA:41,8
DA:59,1
DA:61,4
DA:63,32
DA:65,32
DA:67,32
DA:69,32
DA:76,4
DA:77,4
DA:79,4
LF:17
LH:16
BRDA:34,0,0,8
BRDA:34,0,1,0
BRDA:37,1,0,0
BRDA:37,1,1,8
BRDA:65,2,0,30
BRDA:65,2,1,2
BRDA:67,3,0,1
BRDA:67,3,1,31
BRDA:77,4,0,4
BRDA:77,4,1,3
BRDA:77,5,0,1
BRDA:77,5,1,2
BRF:12
BRH:10
end_of_record
TN:
SF:src/components/Cards/StockCard.jsx
FN:23,(anonymous_0)
FN:24,(anonymous_1)
FN:38,(anonymous_2)
FN:62,(anonymous_3)
FN:64,(anonymous_4)
FNF:5
FNH:5
FNDA:3,(anonymous_0)
FNDA:3,(anonymous_1)
FNDA:3,(anonymous_2)
FNDA:3,(anonymous_3)
FNDA:24,(anonymous_4)
DA:21,1
DA:23,3
DA:24,3
DA:38,1
DA:39,3
DA:62,1
DA:64,24
DA:70,3
DA:73,3
DA:75,3
LF:10
LH:10
BRDA:70,0,0,2
BRDA:70,0,1,1
BRDA:73,1,0,2
BRDA:73,1,1,1
BRDA:89,2,0,3
BRDA:89,2,1,2
BRDA:89,3,0,1
BRDA:89,3,1,1
BRF:8
BRH:8
end_of_record
TN:
SF:src/components/Charts/LineChart.jsx
FN:22,(anonymous_0)
FN:23,(anonymous_1)
FN:24,(anonymous_2)
FN:25,(anonymous_3)
FN:25,(anonymous_4)
FN:26,(anonymous_5)
FN:31,(anonymous_6)
FN:32,(anonymous_7)
FN:38,(anonymous_8)
FN:45,(anonymous_9)
FN:46,(anonymous_10)
FN:50,(anonymous_11)
FN:54,(anonymous_12)
FN:60,(anonymous_13)
FN:73,(anonymous_14)
FN:136,(anonymous_15)
FNF:16
FNH:0
FNDA:0,(anonymous_0)
FNDA:0,(anonymous_1)
FNDA:0,(anonymous_2)
FNDA:0,(anonymous_3)
FNDA:0,(anonymous_4)
FNDA:0,(anonymous_5)
FNDA:0,(anonymous_6)
FNDA:0,(anonymous_7)
FNDA:0,(anonymous_8)
FNDA:0,(anonymous_9)
FNDA:0,(anonymous_10)
FNDA:0,(anonymous_11)
FNDA:0,(anonymous_12)
FNDA:0,(anonymous_13)
FNDA:0,(anonymous_14)
FNDA:0,(anonymous_15)
DA:15,0
DA:21,0
DA:22,0
DA:23,0
DA:24,0
DA:25,0
DA:26,0
DA:29,0
DA:31,0
DA:32,0
DA:35,0
DA:38,0
DA:41,0
DA:45,0
DA:46,0
DA:49,0
DA:50,0
DA:54,0
DA:55,0
DA:57,0
DA:61,0
DA:73,0
DA:86,0
DA:137,0
LF:24
LH:0
BRDA:55,0,0,0
BRDA:55,0,1,0
BRDA:55,1,0,0
BRDA:55,1,1,0
BRDA:55,1,2,0
BRDA:64,2,0,0
BRDA:64,2,1,0
BRDA:76,3,0,0
BRDA:79,4,0,0
BRDA:80,5,0,0
BRDA:81,6,0,0
BRDA:82,7,0,0
BRDA:83,8,0,0
BRDA:84,9,0,0
BRDA:93,10,0,0
BRDA:93,10,1,0
BRDA:101,11,0,0
BRDA:101,11,1,0
BRDA:110,12,0,0
BRDA:110,12,1,0
BRDA:119,13,0,0
BRDA:119,13,1,0
BRDA:126,14,0,0
BRDA:126,14,1,0
BRDA:141,15,0,0
BRDA:141,15,1,0
BRF:26
BRH:0
end_of_record
TN:
SF:src/components/Dashboard/Dashboard.jsx
FN:17,(anonymous_0)
FN:26,(anonymous_1)
FN:30,(anonymous_2)
FN:36,(anonymous_3)
FN:41,(anonymous_4)
FN:43,(anonymous_5)
FN:44,(anonymous_6)
FN:49,(anonymous_7)
FN:56,(anonymous_8)
FN:60,(anonymous_9)
FN:61,(anonymous_10)
FN:62,(anonymous_11)
FN:63,(anonymous_12)
FN:72,(anonymous_13)
FN:73,(anonymous_14)
FN:75,(anonymous_15)
FN:79,(anonymous_16)
FN:80,(anonymous_17)
FN:93,(anonymous_18)
FN:101,(anonymous_19)
FN:107,(anonymous_20)
FN:108,(anonymous_21)
FN:113,(anonymous_22)
FN:114,(anonymous_23)
FN:115,(anonymous_24)
FN:122,(anonymous_25)
FN:130,(anonymous_26)
FN:132,(anonymous_27)
FN:136,(anonymous_28)
FN:144,(anonymous_29)
FN:285,(anonymous_30)
FN:307,(anonymous_31)
FNF:32
FNH:0
FNDA:0,(anonymous_0)
FNDA:0,(anonymous_1)
FNDA:0,(anonymous_2)
FNDA:0,(anonymous_3)
FNDA:0,(anonymous_4)
FNDA:0,(anonymous_5)
FNDA:0,(anonymous_6)
FNDA:0,(anonymous_7)
FNDA:0,(anonymous_8)
FNDA:0,(anonymous_9)
FNDA:0,(anonymous_10)
FNDA:0,(anonymous_11)
FNDA:0,(anonymous_12)
FNDA:0,(anonymous_13)
FNDA:0,(anonymous_14)
FNDA:0,(anonymous_15)
FNDA:0,(anonymous_16)
FNDA:0,(anonymous_17)
FNDA:0,(anonymous_18)
FNDA:0,(anonymous_19)
FNDA:0,(anonymous_20)
FNDA:0,(anonymous_21)
FNDA:0,(anonymous_22)
FNDA:0,(anonymous_23)
FNDA:0,(anonymous_24)
FNDA:0,(anonymous_25)
FNDA:0,(anonymous_26)
FNDA:0,(anonymous_27)
FNDA:0,(anonymous_28)
FNDA:0,(anonymous_29)
FNDA:0,(anonymous_30)
FNDA:0,(anonymous_31)
DA:16,0
DA:17,0
DA:22,0
DA:26,0
DA:29,0
DA:30,0
DA:35,0
DA:36,0
DA:40,0
DA:41,0
DA:43,0
DA:44,0
DA:49,0
DA:53,0
DA:56,0
DA:59,0
DA:60,0
DA:61,0
DA:62,0
DA:63,0
DA:66,0
DA:72,0
DA:73,0
DA:75,0
DA:79,0
DA:80,0
DA:88,0
DA:92,0
DA:93,0
DA:96,0
DA:100,0
DA:101,0
DA:105,0
DA:107,0
DA:108,0
DA:111,0
DA:113,0
DA:114,0
DA:115,0
DA:119,0
DA:123,0
DA:124,0
DA:125,0
DA:129,0
DA:130,0
DA:132,0
DA:136,0
DA:137,0
DA:144,0
DA:146,0
DA:153,0
DA:286,0
DA:308,0
LF:53
LH:0
BRDA:101,0,0,0
BRDA:101,0,1,0
BRDA:123,1,0,0
BRDA:123,1,1,0
BRDA:124,2,0,0
BRDA:124,2,1,0
BRF:6
BRH:0
end_of_record
TN:
SF:src/data/mockData.js
FNF:0
FNH:0
DA:4,0
DA:36,0
DA:68,0
DA:100,0
DA:132,0
DA:151,0
LF:6
LH:0
BRF:0
BRH:0
end_of_record
